<?xml version="1.0" encoding="UTF-8"?>
<testng-results ignored="0" total="4" passed="4" failed="0" skipped="0">
  <reporter-output>
  </reporter-output>
  <suite started-at="2024-04-29T07:45:43 IST" name="PetStoreSuite" finished-at="2024-04-29T07:45:53 IST" duration-ms="9412">
    <groups>
    </groups>
    <test started-at="2024-04-29T07:45:43 IST" name="PetStoreTest" finished-at="2024-04-29T07:45:53 IST" duration-ms="9412">
      <class name="api.test.UserTests">
        <test-method is-config="true" signature="setUp()[pri:0, instance:api.test.UserTests@7b9a4292]" started-at="2024-04-29T07:45:44 IST" name="setUp" finished-at="2024-04-29T07:45:44 IST" duration-ms="594" status="PASS">
          <reporter-output>
          </reporter-output>
        </test-method> <!-- setUp -->
        <test-method signature="test_postUser()[pri:1, instance:api.test.UserTests@7b9a4292]" started-at="2024-04-29T07:45:44 IST" name="test_postUser" finished-at="2024-04-29T07:45:47 IST" duration-ms="2757" status="PASS">
          <reporter-output>
          </reporter-output>
        </test-method> <!-- test_postUser -->
        <test-method signature="test_getUserByName()[pri:2, instance:api.test.UserTests@7b9a4292]" started-at="2024-04-29T07:45:47 IST" name="test_getUserByName" finished-at="2024-04-29T07:45:48 IST" duration-ms="1462" status="PASS">
          <reporter-output>
          </reporter-output>
        </test-method> <!-- test_getUserByName -->
        <test-method signature="test_updateUserByName()[pri:3, instance:api.test.UserTests@7b9a4292]" started-at="2024-04-29T07:45:48 IST" name="test_updateUserByName" finished-at="2024-04-29T07:45:51 IST" duration-ms="2966" status="PASS">
          <reporter-output>
          </reporter-output>
        </test-method> <!-- test_updateUserByName -->
        <test-method signature="test_deleteUserByName()[pri:4, instance:api.test.UserTests@7b9a4292]" started-at="2024-04-29T07:45:51 IST" name="test_deleteUserByName" finished-at="2024-04-29T07:45:53 IST" duration-ms="1432" status="PASS">
          <reporter-output>
          </reporter-output>
        </test-method> <!-- test_deleteUserByName -->
      </class> <!-- api.test.UserTests -->
    </test> <!-- PetStoreTest -->
  </suite> <!-- PetStoreSuite -->
</testng-results>
