<?xml version="1.0" encoding="UTF-8"?>
<!-- Generated by org.testng.reporters.JUnitXMLReporter -->
<testsuite ignored="0" hostname="LAPTOP-KBV6SF0Q" failures="0" tests="4" name="PetStoreTest" time="10.069" errors="0" timestamp="2024-04-28T08:08:10 IST">
  <testcase classname="api.test.UserTests2" name="test_postUser" time="2.919"/>
  <testcase classname="api.test.UserTests2" name="test_getUserByName" time="1.551"/>
  <testcase classname="api.test.UserTests2" name="test_updateUserByName" time="3.063"/>
  <testcase classname="api.test.UserTests2" name="test_deleteUserByName" time="1.53"/>
</testsuite> <!-- PetStoreTest -->
